C51 COMPILER V9.60.0.0   LEDLSD                                                            04/01/2022 16:42:57 PAGE 1   


C51 COMPILER V9.60.0.0, COMPILATION OF MODULE LEDLSD
OBJECT MODULE PLACED IN .\Objects\ledlsd.obj
COMPILER INVOKED BY: D:\Keil_v5\C51\BIN\C51.EXE ledlsd.c OPTIMIZE(8,SPEED) BROWSE DEBUG OBJECTEXTEND PRINT(.\Listings\le
                    -dlsd.lst) TABS(2) OBJECT(.\Objects\ledlsd.obj)

line level    source

   1          #include"twj.h"
   2          shuju canshu;
   3          void main()
   4          {
   5   1      lcd_csh();
   6   1      lcd_w_cmd(0x80);
   7   1      lcd_w_dat(0x08);
   8   1      delay(200);
   9   1      initialize();
  10   1      adc_GM();
  11   1      adc_MQ2();
  12   1      xianshi_GM();
  13   1      xianshi_MQ2();
  14   1      }


MODULE INFORMATION:   STATIC OVERLAYABLE
   CODE SIZE        =     35    ----
   CONSTANT SIZE    =   ----    ----
   XDATA SIZE       =   ----    ----
   PDATA SIZE       =   ----    ----
   DATA SIZE        =     12    ----
   IDATA SIZE       =   ----    ----
   BIT SIZE         =   ----    ----
END OF MODULE INFORMATION.


C51 COMPILATION COMPLETE.  0 WARNING(S),  0 ERROR(S)
