C51 COMPILER V9.60.0.0   TEMPTATION                                                        06/22/2022 21:14:51 PAGE 1   


C51 COMPILER V9.60.0.0, COMPILATION OF MODULE TEMPTATION
OBJECT MODULE PLACED IN .\Objects\temptation.obj
COMPILER INVOKED BY: D:\Keil_v5\C51\BIN\C51.EXE user\temptation.c OPTIMIZE(8,SPEED) BROWSE DEBUG OBJECTEXTEND PRINT(.\Li
                    -stings\temptation.lst) TABS(2) OBJECT(.\Objects\temptation.obj)

line level    source

   1          #include"wk.h"
   2          //u32 code NTCcode[]= {
   3          //    {325079},{309414},{294540},{28041},{26701},{25428},{24220},{23074},{21985},{20952},
   4          //    {19972},{19041},{18158},{17319},{16522},{15766},{15048},{14366},{17318},{13103},
   5          //    {12518},{11962},{11434},{10931},{10454},{10000},{9567},{9156},{8760},{8393},
   6          //    {8038},{7701},{7379},{7073},{6781},{6502},{6230},{5984},{5743},{5512},
   7          //    {5293},{5083},{4882},{4691},{4508},{4334},{4167},{4007},{3855},{3709},
   8          //    {3569},{3435},{3308},{3185},{3068},{2955},{2848},{2745},{2646},{2551},
   9          //    {2460},{2373},{2289},{2208},{2131},{2057},{1986},{1918},{1852},{1789},
  10          //    {1728},{1670},{1614},{1560},{1508},{1458},{1409},{1363},{1318},{1276},
  11          //    {1234},{1194},{1156},{1119},{1083},{1049},{1015},{982},{951},{921},
  12          //    {892},{864},{837},{812},{787},{763},{739},{717},{695},{675},
  13          //    {655},{635},{616},{598},{581},{564},{548},{532},{517},{502},
  14          //    {488},{475},{461},{449},{436},{424},{413},{401},{390},{380},
  15          //    {370},{360},{350},{341},{332},{323},{314},{305},{297},{289},
  16          //    {281},{273},{266},{258},{251},{245},{238},{232},{226},{220},
  17          //    {214},{209},{203},{198},{193},{188},{183},{179},{174},{170},
  18          //    {166},{162},{158},{154},{151},{147},{144},{140},{137},{134},
  19          //    {131},{1128},{125},{122},{119},{117},{114},{112},{109},{107},
  20          //    {105},{102},{100},{98},{96},{94},{92},{90},{88},{86},
  21          //    {84},{82},{80},{78},{77},{75},{73},{72},{70},{169},
  22          //    {67},{66},{64},{63},{62},{61},{59},{58},{57},{56},
  23          //    {55},{54},{53},{52},{51},{50},{49},{48},{47},{46},
  24          //    {45},{44},{44},{43},{42},{41},{40},{40},{39},{38},
  25          //    {38},{37},{36},{36},{35},{35},{34},{33},{33},{32},
  26          //    {31},{31},{31},{30},{30},{29},{29},{28},{28},{27},
  27          //    {27},{26},{26},{25},{25},{24},{24},{23},{23},{23},
  28          //    {22},{22},{21},{21},{21},{20},{20},{20},{19},{19},
  29          //};
  30          u32 code NTCcode[]= {
  31              {325079},{309414},{294540},{280412},{267012},{254286},{242206},{230740},{219857},{209527},
  32              {199722},{190415},{181580},{173192},{165228},{157666},{150485},{143665},{173186},{131031},
  33              {125182},{119624},{114340},{109318},{104542},{100000},{95679},{91568},{87606},{83932},
  34              {80386},{77010},{73794},{70730},{67811},{65028},{62305},{59844},{57431},{55128},
  35              {52930},{50832},{48829},{46916},{45089},{43342},{41673},{40077},{38552},{37092},
  36              {35696},{34359},{33080},{31855},{30682},{29559},{28482},{27450},{26461},{25512},
  37              {24602},{23730},{22892},{22088},{21317},{20576},{19864},{19180},{18523},{17892},
  38              {17285},{16701},{16140},{15600},{15080},{14580},{14099},{13636},{13189},{12760},
  39              {12346},{11947},{11562},{11191},{10834},{10490},{10153},{9829},{9517},{9216},
  40              {8927},{8648},{8379},{8120},{7870},{7630},{7398},{7174},{6958},{6750},
  41              {6550},{6356},{6169},{5989},{5815},{5647},{5484},{5327},{5176},{5029},
  42              {4888},{4751},{4619},{4490},{4366},{4247},{4130},{4018},{3909},{3803},
  43              {3701},{3602},{3506},{3412},{3322},{3234},{3144},{3057},{2972},{2890},
  44              {2811},{2734},{2660},{2588},{2519},{2451},{2386},{2323},{2262},{2203},
  45              {2146},{2090},{2036},{1985},{1934},{1886},{1839},{1793},{1749},{1706},
  46              {1664},{1624},{1585},{1548},{1511},{1475},{1441},{1408},{1375},{1344},
  47              {1313},{11283},{1255},{1227},{1199},{1173},{1147},{1122},{1098},{1074},
  48              {1051},{1028},{1006},{985},{964},{943},{922},{901},{881},{861},
  49              {842},{823},{805},{787},{770},{753},{737},{721},{706},{691},
  50              {676},{662},{648},{635},{622},{610},{597},{585},{574},{562},
  51              {551},{541},{530},{520},{510},{501},{491},{482},{473},{465},
  52              {456},{448},{440},{432},{424},{417},{409},{402},{395},{388},
  53              {382},{375},{368},{362},{356},{350},{343},{337},{331},{325},
  54              {319},{313},{307},{302},{296},{291},{286},{280},{275},{271},
C51 COMPILER V9.60.0.0   TEMPTATION                                                        06/22/2022 21:14:51 PAGE 2   

  55              {266},{261},{256},{252},{248},{243},{239},{235},{231},{227},
  56              {223},{219},{216},{212},{209},{205},{202},{198},{195},{192},
  57              {189},{186},{183},{180},{177},{174},{172},{169},{166},{164},
  58              {161},{159},{156},{154},{151},{149},{147},{145},{142},{140},
  59              {138},{136},{134},{132},{130},{128},{126},{124},{122},{121},
  60          };
  61          
  62          int temp_find()
  63          {
  64   1        int i=0;
  65   1        for(i=0;thermistor_voltage_data_power<NTCcode[i];i++)
  66   1        {
  67   2          if(i>260)
  68   2            return 0;
  69   2        }
  70   1        return i;
  71   1      }


MODULE INFORMATION:   STATIC OVERLAYABLE
   CODE SIZE        =     79    ----
   CONSTANT SIZE    =   1160    ----
   XDATA SIZE       =   ----    ----
   PDATA SIZE       =   ----    ----
   DATA SIZE        =   ----       2
   IDATA SIZE       =   ----    ----
   BIT SIZE         =   ----    ----
END OF MODULE INFORMATION.


C51 COMPILATION COMPLETE.  0 WARNING(S),  0 ERROR(S)
